Dialernougatrelease/build/outputs/logs/manifest-merger-debug-report.txt
-- Merging decision tree log ---
manifest
ADDED from src/main/AndroidManifest.xml:17:1-361:12
INJECTED from src/main/AndroidManifest.xml:17:1-361:12
INJECTED from src/main/AndroidManifest.xml:17:1-361:12
INJECTED from src/main/AndroidManifest.xml:17:1-361:12
INJECTED from src/main/AndroidManifest.xml:17:1-361:12
INJECTED from src/main/AndroidManifest.xml:17:1-361:12
INJECTED from src/main/AndroidManifest.xml:17:1-361:12
	package
		ADDED from src/main/AndroidManifest.xml:18:5-33
		INJECTED from src/main/AndroidManifest.xml
		INJECTED from src/main/AndroidManifest.xml
	android:versionName
		ADDED from src/main/AndroidManifest.xml:21:5-34
		INJECTED from src/main/AndroidManifest.xml
		INJECTED from src/main/AndroidManifest.xml
	xmlns:android
		ADDED from src/main/AndroidManifest.xml:17:11-69
	coreApp
		ADDED from src/main/AndroidManifest.xml:19:5-19
	android:versionCode
		ADDED from src/main/AndroidManifest.xml:20:5-32
		INJECTED from src/main/AndroidManifest.xml
		INJECTED from src/main/AndroidManifest.xml
uses-sdk
ADDED from src/main/AndroidManifest.xml:23:5-25:41
INJECTED from src/main/AndroidManifest.xml:23:5-25:41
INJECTED from src/main/AndroidManifest.xml:23:5-25:41
INJECTED from src/main/AndroidManifest.xml:23:5-25:41
INJECTED from src/main/AndroidManifest.xml:23:5-25:41
	android:targetSdkVersion
		ADDED from src/main/AndroidManifest.xml:25:9-38
		INJECTED from src/main/AndroidManifest.xml
		INJECTED from src/main/AndroidManifest.xml
	android:minSdkVersion
		ADDED from src/main/AndroidManifest.xml:24:9-35
		INJECTED from src/main/AndroidManifest.xml
		INJECTED from src/main/AndroidManifest.xml
uses-permission#android.permission.CALL_PHONE
ADDED from src/main/AndroidManifest.xml:27:5-69
	android:name
		ADDED from src/main/AndroidManifest.xml:27:22-66
uses-permission#android.permission.READ_CONTACTS
ADDED from src/main/AndroidManifest.xml:28:5-72
	android:name
		ADDED from src/main/AndroidManifest.xml:28:22-69
uses-permission#android.permission.WRITE_CONTACTS
ADDED from src/main/AndroidManifest.xml:29:5-73
	android:name
		ADDED from src/main/AndroidManifest.xml:29:22-70
uses-permission#android.permission.READ_CALL_LOG
ADDED from src/main/AndroidManifest.xml:30:5-72
	android:name
		ADDED from src/main/AndroidManifest.xml:30:22-69
uses-permission#android.permission.WRITE_CALL_LOG
ADDED from src/main/AndroidManifest.xml:31:5-73
	android:name
		ADDED from src/main/AndroidManifest.xml:31:22-70
uses-permission#android.permission.READ_PROFILE
ADDED from src/main/AndroidManifest.xml:32:5-71
	android:name
		ADDED from src/main/AndroidManifest.xml:32:22-68
uses-permission#android.permission.MANAGE_ACCOUNTS
ADDED from src/main/AndroidManifest.xml:33:5-74
	android:name
		ADDED from src/main/AndroidManifest.xml:33:22-71
uses-permission#android.permission.GET_ACCOUNTS
ADDED from src/main/AndroidManifest.xml:34:5-71
	android:name
		ADDED from src/main/AndroidManifest.xml:34:22-68
uses-permission#android.permission.GET_ACCOUNTS_PRIVILEGED
ADDED from src/main/AndroidManifest.xml:35:5-81
	android:name
		ADDED from src/main/AndroidManifest.xml:35:22-79
uses-permission#android.permission.ACCESS_FINE_LOCATION
ADDED from src/main/AndroidManifest.xml:36:5-79
	android:name
		ADDED from src/main/AndroidManifest.xml:36:22-76
uses-permission#android.permission.ACCESS_COARSE_LOCATION
ADDED from src/main/AndroidManifest.xml:37:5-81
	android:name
		ADDED from src/main/AndroidManifest.xml:37:22-78
uses-permission#android.permission.INTERNET
ADDED from src/main/AndroidManifest.xml:38:5-67
	android:name
		ADDED from src/main/AndroidManifest.xml:38:22-64
uses-permission#android.permission.PROCESS_OUTGOING_CALLS
ADDED from src/main/AndroidManifest.xml:39:5-80
	android:name
		ADDED from src/main/AndroidManifest.xml:39:22-78
uses-permission#android.permission.NFC
ADDED from src/main/AndroidManifest.xml:40:5-62
	android:name
		ADDED from src/main/AndroidManifest.xml:40:22-59
uses-permission#android.permission.READ_PHONE_STATE
ADDED from src/main/AndroidManifest.xml:41:5-75
	android:name
		ADDED from src/main/AndroidManifest.xml:41:22-72
uses-permission#android.permission.MODIFY_AUDIO_SETTINGS
ADDED from src/main/AndroidManifest.xml:42:5-80
	android:name
		ADDED from src/main/AndroidManifest.xml:42:22-77
uses-permission#android.permission.MODIFY_PHONE_STATE
ADDED from src/main/AndroidManifest.xml:43:5-77
	android:name
		ADDED from src/main/AndroidManifest.xml:43:22-74
uses-permission#android.permission.WAKE_LOCK
ADDED from src/main/AndroidManifest.xml:44:5-68
	android:name
		ADDED from src/main/AndroidManifest.xml:44:22-65
uses-permission#android.permission.WRITE_EXTERNAL_STORAGE
ADDED from src/main/AndroidManifest.xml:45:5-81
	android:name
		ADDED from src/main/AndroidManifest.xml:45:22-78
uses-permission#android.permission.WRITE_SETTINGS
ADDED from src/main/AndroidManifest.xml:46:5-73
	android:name
		ADDED from src/main/AndroidManifest.xml:46:22-70
uses-permission#android.permission.USE_CREDENTIALS
ADDED from src/main/AndroidManifest.xml:47:5-74
	android:name
		ADDED from src/main/AndroidManifest.xml:47:22-71
uses-permission#android.permission.VIBRATE
ADDED from src/main/AndroidManifest.xml:48:5-66
	android:name
		ADDED from src/main/AndroidManifest.xml:48:22-63
uses-permission#android.permission.READ_SYNC_SETTINGS
ADDED from src/main/AndroidManifest.xml:49:5-77
	android:name
		ADDED from src/main/AndroidManifest.xml:49:22-74
uses-permission#android.permission.CONTROL_INCALL_EXPERIENCE
ADDED from src/main/AndroidManifest.xml:50:5-84
	android:name
		ADDED from src/main/AndroidManifest.xml:50:22-81
uses-permission#com.android.voicemail.permission.ADD_VOICEMAIL
ADDED from src/main/AndroidManifest.xml:51:5-86
	android:name
		ADDED from src/main/AndroidManifest.xml:51:22-83
uses-permission#com.android.voicemail.permission.WRITE_VOICEMAIL
ADDED from src/main/AndroidManifest.xml:52:5-88
	android:name
		ADDED from src/main/AndroidManifest.xml:52:22-85
uses-permission#com.android.voicemail.permission.READ_VOICEMAIL
ADDED from src/main/AndroidManifest.xml:53:5-87
	android:name
		ADDED from src/main/AndroidManifest.xml:53:22-84
uses-permission#android.permission.ALLOW_ANY_CODEC_FOR_PLAYBACK
ADDED from src/main/AndroidManifest.xml:54:5-87
	android:name
		ADDED from src/main/AndroidManifest.xml:54:22-84
uses-permission#com.android.launcher.permission.INSTALL_SHORTCUT
ADDED from src/main/AndroidManifest.xml:55:5-87
	android:name
		ADDED from src/main/AndroidManifest.xml:55:22-85
uses-permission#android.permission.RECEIVE_BOOT_COMPLETED
ADDED from src/main/AndroidManifest.xml:56:5-81
	android:name
		ADDED from src/main/AndroidManifest.xml:56:22-78
uses-permission#android.permission.BROADCAST_STICKY
ADDED from src/main/AndroidManifest.xml:57:5-75
	android:name
		ADDED from src/main/AndroidManifest.xml:57:22-72
uses-permission#android.permission.ACCESS_WIFI_STATE
ADDED from src/main/AndroidManifest.xml:58:5-76
	android:name
		ADDED from src/main/AndroidManifest.xml:58:22-73
uses-permission#android.permission.STOP_APP_SWITCHES
ADDED from src/main/AndroidManifest.xml:62:5-76
	android:name
		ADDED from src/main/AndroidManifest.xml:62:22-73
application
ADDED from src/main/AndroidManifest.xml:64:5-360:19
	android:backupAgent
		ADDED from src/main/AndroidManifest.xml:70:9-67
	android:supportsRtl
		ADDED from src/main/AndroidManifest.xml:69:9-35
	android:label
		ADDED from src/main/AndroidManifest.xml:66:9-49
	android:hardwareAccelerated
		ADDED from src/main/AndroidManifest.xml:68:9-43
	android:icon
		ADDED from src/main/AndroidManifest.xml:67:9-49
	android:usesCleartextTraffic
		ADDED from src/main/AndroidManifest.xml:71:9-45
	android:name
		ADDED from src/main/AndroidManifest.xml:65:9-41
meta-data#com.google.android.backup.api_key
ADDED from src/main/AndroidManifest.xml:73:9-74:82
	android:value
		ADDED from src/main/AndroidManifest.xml:74:13-79
	android:name
		ADDED from src/main/AndroidManifest.xml:73:20-68
activity#com.android.dialer.DialtactsActivity
ADDED from src/main/AndroidManifest.xml:79:9-144:20
	android:clearTaskOnLaunch
		ADDED from src/main/AndroidManifest.xml:83:13-45
	android:label
		ADDED from src/main/AndroidManifest.xml:80:13-58
	android:launchMode
		ADDED from src/main/AndroidManifest.xml:82:13-44
	android:windowSoftInputMode
		ADDED from src/main/AndroidManifest.xml:85:13-74
	android:resizeableActivity
		ADDED from src/main/AndroidManifest.xml:86:13-46
	android:icon
		ADDED from src/main/AndroidManifest.xml:84:13-53
	android:theme
		ADDED from src/main/AndroidManifest.xml:81:13-58
	android:directBootAware
		ADDED from src/main/AndroidManifest.xml:87:13-43
	android:name
		ADDED from src/main/AndroidManifest.xml:79:19-52
intent-filter#android.intent.action.DIAL+android.intent.category.BROWSABLE+android.intent.category.DEFAULT
ADDED from src/main/AndroidManifest.xml:88:13-94:29
action#android.intent.action.DIAL
ADDED from src/main/AndroidManifest.xml:89:17-69
	android:name
		ADDED from src/main/AndroidManifest.xml:89:25-66
category#android.intent.category.DEFAULT
ADDED from src/main/AndroidManifest.xml:90:17-76
	android:name
		ADDED from src/main/AndroidManifest.xml:90:27-73
category#android.intent.category.BROWSABLE
ADDED from src/main/AndroidManifest.xml:91:17-78
	android:name
		ADDED from src/main/AndroidManifest.xml:91:27-75
data
ADDED from src/main/AndroidManifest.xml:92:17-74
	android:host
		ADDED from src/main/AndroidManifest.xml:265:21-57
	android:scheme
		ADDED from src/main/AndroidManifest.xml:99:23-49
	android:mimeType
		ADDED from src/main/AndroidManifest.xml:92:23-71
intent-filter#android.intent.action.DIAL+android.intent.category.DEFAULT
ADDED from src/main/AndroidManifest.xml:101:13-104:29
intent-filter#android.intent.action.MAIN+android.intent.category.BROWSABLE+android.intent.category.DEFAULT+android.intent.category.LAUNCHER
ADDED from src/main/AndroidManifest.xml:105:13-110:29
action#android.intent.action.MAIN
ADDED from src/main/AndroidManifest.xml:106:17-69
	android:name
		ADDED from src/main/AndroidManifest.xml:106:25-66
category#android.intent.category.LAUNCHER
ADDED from src/main/AndroidManifest.xml:108:17-77
	android:name
		ADDED from src/main/AndroidManifest.xml:108:27-74
intent-filter#android.intent.action.DIAL+android.intent.action.VIEW+android.intent.category.BROWSABLE+android.intent.category.DEFAULT
ADDED from src/main/AndroidManifest.xml:111:13-117:29
action#android.intent.action.VIEW
ADDED from src/main/AndroidManifest.xml:112:17-69
	android:name
		ADDED from src/main/AndroidManifest.xml:112:25-66
intent-filter#android.intent.action.VIEW+android.intent.category.BROWSABLE+android.intent.category.DEFAULT
ADDED from src/main/AndroidManifest.xml:118:13-123:29
intent-filter#android.intent.action.CALL_BUTTON+android.intent.category.BROWSABLE+android.intent.category.DEFAULT
ADDED from src/main/AndroidManifest.xml:124:13-128:29
action#android.intent.action.CALL_BUTTON
ADDED from src/main/AndroidManifest.xml:125:17-76
	android:name
		ADDED from src/main/AndroidManifest.xml:125:25-73
intent-filter#android.intent.category.DEFAULT+android.intent.category.TAB+com.android.phone.action.TOUCH_DIALER
ADDED from src/main/AndroidManifest.xml:131:13-135:29
action#com.android.phone.action.TOUCH_DIALER
ADDED from src/main/AndroidManifest.xml:132:17-80
	android:name
		ADDED from src/main/AndroidManifest.xml:132:25-77
category#android.intent.category.TAB
ADDED from src/main/AndroidManifest.xml:134:17-72
	android:name
		ADDED from src/main/AndroidManifest.xml:134:27-69
intent-filter#android.intent.category.DEFAULT+android.intent.category.TAB+com.android.phone.action.RECENT_CALLS
ADDED from src/main/AndroidManifest.xml:136:13-140:29
	android:label
		ADDED from src/main/AndroidManifest.xml:136:28-72
action#com.android.phone.action.RECENT_CALLS
ADDED from src/main/AndroidManifest.xml:137:17-80
	android:name
		ADDED from src/main/AndroidManifest.xml:137:25-77
meta-data#com.android.keyguard.layout
ADDED from src/main/AndroidManifest.xml:141:13-143:63
	android:resource
		ADDED from src/main/AndroidManifest.xml:143:17-60
	android:name
		ADDED from src/main/AndroidManifest.xml:142:17-59
activity#com.android.dialer.settings.DialerSettingsActivity
ADDED from src/main/AndroidManifest.xml:146:9-151:20
	android:parentActivityName
		ADDED from src/main/AndroidManifest.xml:148:15-80
	android:label
		ADDED from src/main/AndroidManifest.xml:147:15-60
	android:exported
		ADDED from src/main/AndroidManifest.xml:150:15-39
	android:theme
		ADDED from src/main/AndroidManifest.xml:149:15-51
	android:name
		ADDED from src/main/AndroidManifest.xml:146:19-84
activity#com.android.dialer.filterednumber.BlockedNumbersSettingsActivity
ADDED from src/main/AndroidManifest.xml:153:9-158:20
	android:parentActivityName
		ADDED from src/main/AndroidManifest.xml:155:13-92
	android:label
		ADDED from src/main/AndroidManifest.xml:154:13-65
	android:exported
		ADDED from src/main/AndroidManifest.xml:157:13-37
	android:theme
		ADDED from src/main/AndroidManifest.xml:156:13-61
	android:name
		ADDED from src/main/AndroidManifest.xml:153:19-98
activity#com.android.dialer.voicemail.VoicemailArchiveActivity
ADDED from src/main/AndroidManifest.xml:160:9-163:20
	android:label
		ADDED from src/main/AndroidManifest.xml:161:13-69
	android:theme
		ADDED from src/main/AndroidManifest.xml:162:13-73
	android:name
		ADDED from src/main/AndroidManifest.xml:160:19-87
activity#com.android.dialer.calllog.CallLogActivity
ADDED from src/main/AndroidManifest.xml:165:9-169:20
	android:label
		ADDED from src/main/AndroidManifest.xml:166:13-60
	android:icon
		ADDED from src/main/AndroidManifest.xml:168:13-53
	android:theme
		ADDED from src/main/AndroidManifest.xml:167:13-73
	android:name
		ADDED from src/main/AndroidManifest.xml:165:19-76
activity#com.android.dialer.CallDetailActivity
ADDED from src/main/AndroidManifest.xml:171:9-180:20
	android:label
		ADDED from src/main/AndroidManifest.xml:172:13-52
	android:icon
		ADDED from src/main/AndroidManifest.xml:174:13-53
	android:theme
		ADDED from src/main/AndroidManifest.xml:173:13-59
	android:name
		ADDED from src/main/AndroidManifest.xml:171:19-71
intent-filter#android.intent.action.VIEW+android.intent.category.DEFAULT
ADDED from src/main/AndroidManifest.xml:175:13-179:29
activity#com.android.contacts.common.test.FragmentTestActivity
ADDED from src/main/AndroidManifest.xml:182:9-186:20
	android:name
		ADDED from src/main/AndroidManifest.xml:182:19-87
intent-filter#android.intent.category.TEST
ADDED from src/main/AndroidManifest.xml:183:13-185:29
category#android.intent.category.TEST
ADDED from src/main/AndroidManifest.xml:184:17-72
	android:name
		ADDED from src/main/AndroidManifest.xml:184:27-70
activity#com.android.contacts.common.dialog.CallSubjectDialog
ADDED from src/main/AndroidManifest.xml:188:9-194:20
	android:windowSoftInputMode
		ADDED from src/main/AndroidManifest.xml:190:19-74
	android:theme
		ADDED from src/main/AndroidManifest.xml:189:19-70
	android:name
		ADDED from src/main/AndroidManifest.xml:188:19-86
intent-filter#android.intent.action.VIEW
ADDED from src/main/AndroidManifest.xml:191:13-193:29
activity-alias#com.android.dialer.DialtactsActivity
ADDED from src/main/AndroidManifest.xml:197:9-200:11
	android:exported
		ADDED from src/main/AndroidManifest.xml:199:13-36
	android:targetActivity
		ADDED from src/main/AndroidManifest.xml:198:13-56
	android:name
		ADDED from src/main/AndroidManifest.xml:197:25-57
activity-alias#com.android.dialer.RecentCallsListActivity
ADDED from src/main/AndroidManifest.xml:203:9-206:11
	android:exported
		ADDED from src/main/AndroidManifest.xml:205:13-36
	android:targetActivity
		ADDED from src/main/AndroidManifest.xml:204:13-56
	android:name
		ADDED from src/main/AndroidManifest.xml:203:25-63
activity-alias#com.android.dialer.activities.CallLogActivity
ADDED from src/main/AndroidManifest.xml:209:9-212:11
	android:exported
		ADDED from src/main/AndroidManifest.xml:211:13-36
	android:targetActivity
		ADDED from src/main/AndroidManifest.xml:210:13-56
	android:name
		ADDED from src/main/AndroidManifest.xml:209:25-67
activity#com.android.contacts.common.list.AccountFilterActivity
ADDED from src/main/AndroidManifest.xml:215:9-218:60
	android:label
		ADDED from src/main/AndroidManifest.xml:217:13-67
	android:theme
		ADDED from src/main/AndroidManifest.xml:218:13-58
	android:name
		ADDED from src/main/AndroidManifest.xml:216:13-82
activity#com.android.contacts.common.list.CustomContactListFilterActivity
ADDED from src/main/AndroidManifest.xml:221:9-224:60
	android:label
		ADDED from src/main/AndroidManifest.xml:223:13-55
	android:theme
		ADDED from src/main/AndroidManifest.xml:224:13-58
	android:name
		ADDED from src/main/AndroidManifest.xml:222:13-92
activity#com.android.contacts.common.activity.RequestImportVCardPermissionsActivity
ADDED from src/main/AndroidManifest.xml:226:9-230:39
	android:label
		ADDED from src/main/AndroidManifest.xml:228:13-58
	android:exported
		ADDED from src/main/AndroidManifest.xml:230:13-37
	android:theme
		ADDED from src/main/AndroidManifest.xml:229:13-55
	android:name
		ADDED from src/main/AndroidManifest.xml:227:13-102
activity#com.android.contacts.common.vcard.ImportVCardActivity
ADDED from src/main/AndroidManifest.xml:233:9-236:20
	android:configChanges
		ADDED from src/main/AndroidManifest.xml:234:19-80
	android:theme
		ADDED from src/main/AndroidManifest.xml:235:19-61
	android:name
		ADDED from src/main/AndroidManifest.xml:233:19-87
activity#com.android.contacts.common.vcard.NfcImportVCardActivity
ADDED from src/main/AndroidManifest.xml:238:9-241:20
	android:configChanges
		ADDED from src/main/AndroidManifest.xml:239:19-80
	android:theme
		ADDED from src/main/AndroidManifest.xml:240:19-61
	android:name
		ADDED from src/main/AndroidManifest.xml:238:19-90
activity#com.android.contacts.common.vcard.CancelActivity
ADDED from src/main/AndroidManifest.xml:243:9-244:63
	android:theme
		ADDED from src/main/AndroidManifest.xml:244:19-61
	android:name
		ADDED from src/main/AndroidManifest.xml:243:19-82
activity#com.android.contacts.common.vcard.SelectAccountActivity
ADDED from src/main/AndroidManifest.xml:246:9-247:63
	android:theme
		ADDED from src/main/AndroidManifest.xml:247:19-61
	android:name
		ADDED from src/main/AndroidManifest.xml:246:19-89
activity#com.android.contacts.common.vcard.ExportVCardActivity
ADDED from src/main/AndroidManifest.xml:249:9-250:63
	android:theme
		ADDED from src/main/AndroidManifest.xml:250:19-61
	android:name
		ADDED from src/main/AndroidManifest.xml:249:19-87
activity#com.android.contacts.common.vcard.ShareVCardActivity
ADDED from src/main/AndroidManifest.xml:252:9-253:64
	android:theme
		ADDED from src/main/AndroidManifest.xml:253:19-61
	android:name
		ADDED from src/main/AndroidManifest.xml:252:19-86
service#com.android.contacts.common.vcard.VCardService
ADDED from src/main/AndroidManifest.xml:255:9-257:39
	android:exported
		ADDED from src/main/AndroidManifest.xml:257:13-37
	android:name
		ADDED from src/main/AndroidManifest.xml:256:13-74
receiver#com.android.dialer.calllog.CallLogReceiver
ADDED from src/main/AndroidManifest.xml:260:9-272:20
	android:name
		ADDED from src/main/AndroidManifest.xml:260:19-58
intent-filter#android.intent.action.NEW_VOICEMAIL
ADDED from src/main/AndroidManifest.xml:261:13-268:29
action#android.intent.action.NEW_VOICEMAIL
ADDED from src/main/AndroidManifest.xml:262:17-78
	android:name
		ADDED from src/main/AndroidManifest.xml:262:25-75
intent-filter#android.intent.action.BOOT_COMPLETED
ADDED from src/main/AndroidManifest.xml:269:13-271:29
	android:priority
		ADDED from src/main/AndroidManifest.xml:269:28-50
action#android.intent.action.BOOT_COMPLETED
ADDED from src/main/AndroidManifest.xml:270:18-79
	android:name
		ADDED from src/main/AndroidManifest.xml:270:26-77
receiver#com.android.dialer.interactions.UndemoteOutgoingCallReceiver
ADDED from src/main/AndroidManifest.xml:274:9-278:20
	android:name
		ADDED from src/main/AndroidManifest.xml:274:19-76
intent-filter#android.intent.action.NEW_OUTGOING_CALL
ADDED from src/main/AndroidManifest.xml:275:13-277:29
action#android.intent.action.NEW_OUTGOING_CALL
ADDED from src/main/AndroidManifest.xml:276:17-82
	android:name
		ADDED from src/main/AndroidManifest.xml:276:25-79
service#com.android.dialer.calllog.CallLogNotificationsService
ADDED from src/main/AndroidManifest.xml:280:9-284:11
	android:exported
		ADDED from src/main/AndroidManifest.xml:283:13-37
	android:directBootAware
		ADDED from src/main/AndroidManifest.xml:282:13-43
	android:name
		ADDED from src/main/AndroidManifest.xml:281:13-64
receiver#com.android.dialer.calllog.MissedCallNotificationReceiver
ADDED from src/main/AndroidManifest.xml:286:9-291:20
	android:directBootAware
		ADDED from src/main/AndroidManifest.xml:287:13-43
	android:name
		ADDED from src/main/AndroidManifest.xml:286:19-73
intent-filter#android.telecom.action.SHOW_MISSED_CALLS_NOTIFICATION
ADDED from src/main/AndroidManifest.xml:288:13-290:29
action#android.telecom.action.SHOW_MISSED_CALLS_NOTIFICATION
ADDED from src/main/AndroidManifest.xml:289:17-96
	android:name
		ADDED from src/main/AndroidManifest.xml:289:25-93
service#com.android.dialer.contact.ContactUpdateService
ADDED from src/main/AndroidManifest.xml:294:9-296:40
	android:exported
		ADDED from src/main/AndroidManifest.xml:296:13-37
	android:name
		ADDED from src/main/AndroidManifest.xml:295:13-57
receiver#com.android.contacts.common.location.CountryDetector$LocationChangedReceiver
ADDED from src/main/AndroidManifest.xml:299:9-112
	android:name
		ADDED from src/main/AndroidManifest.xml:299:19-110
service#com.android.contacts.common.location.UpdateCountryService
ADDED from src/main/AndroidManifest.xml:302:9-303:39
	android:exported
		ADDED from src/main/AndroidManifest.xml:303:13-37
	android:name
		ADDED from src/main/AndroidManifest.xml:302:18-90
activity#com.android.incallui.InCallActivity
ADDED from src/main/AndroidManifest.xml:309:9-319:20
	android:screenOrientation
		ADDED from src/main/AndroidManifest.xml:316:19-55
	android:label
		ADDED from src/main/AndroidManifest.xml:311:19-56
	android:excludeFromRecents
		ADDED from src/main/AndroidManifest.xml:312:19-52
	android:launchMode
		ADDED from src/main/AndroidManifest.xml:313:19-54
	android:exported
		ADDED from src/main/AndroidManifest.xml:315:19-43
	android:resizeableActivity
		ADDED from src/main/AndroidManifest.xml:318:19-52
	android:configChanges
		ADDED from src/main/AndroidManifest.xml:314:19-112
	android:theme
		ADDED from src/main/AndroidManifest.xml:310:19-60
	android:directBootAware
		ADDED from src/main/AndroidManifest.xml:317:19-49
	android:name
		ADDED from src/main/AndroidManifest.xml:309:19-69
service#com.android.incallui.InCallServiceImpl
ADDED from src/main/AndroidManifest.xml:321:9-330:19
	android:permission
		ADDED from src/main/AndroidManifest.xml:322:18-77
	android:directBootAware
		ADDED from src/main/AndroidManifest.xml:323:18-48
	android:name
		ADDED from src/main/AndroidManifest.xml:321:18-71
meta-data#android.telecom.IN_CALL_SERVICE_UI
ADDED from src/main/AndroidManifest.xml:324:13-97
	android:value
		ADDED from src/main/AndroidManifest.xml:324:74-94
	android:name
		ADDED from src/main/AndroidManifest.xml:324:24-73
meta-data#android.telecom.IN_CALL_SERVICE_RINGING
ADDED from src/main/AndroidManifest.xml:325:13-326:40
	android:value
		ADDED from src/main/AndroidManifest.xml:326:17-38
	android:name
		ADDED from src/main/AndroidManifest.xml:325:24-78
intent-filter#android.telecom.InCallService
ADDED from src/main/AndroidManifest.xml:327:13-329:29
action#android.telecom.InCallService
ADDED from src/main/AndroidManifest.xml:328:17-71
	android:name
		ADDED from src/main/AndroidManifest.xml:328:25-69
receiver#com.android.incallui.NotificationBroadcastReceiver
ADDED from src/main/AndroidManifest.xml:333:9-335:40
	android:exported
		ADDED from src/main/AndroidManifest.xml:335:13-37
	android:directBootAware
		ADDED from src/main/AndroidManifest.xml:334:13-43
	android:name
		ADDED from src/main/AndroidManifest.xml:333:19-84
provider#com.android.dialer.database.FilteredNumberProvider
ADDED from src/main/AndroidManifest.xml:337:9-342:15
	android:authorities
		ADDED from src/main/AndroidManifest.xml:339:13-85
	android:multiprocess
		ADDED from src/main/AndroidManifest.xml:341:13-41
	android:exported
		ADDED from src/main/AndroidManifest.xml:340:13-37
	android:name
		ADDED from src/main/AndroidManifest.xml:338:13-60
provider#android.support.v4.content.FileProvider
ADDED from src/main/AndroidManifest.xml:344:9-352:20
	android:grantUriPermissions
		ADDED from src/main/AndroidManifest.xml:347:13-47
	android:authorities
		ADDED from src/main/AndroidManifest.xml:346:13-75
	android:exported
		ADDED from src/main/AndroidManifest.xml:348:13-37
	android:name
		ADDED from src/main/AndroidManifest.xml:345:13-67
meta-data#android.support.FILE_PROVIDER_PATHS
ADDED from src/main/AndroidManifest.xml:349:13-351:54
	android:resource
		ADDED from src/main/AndroidManifest.xml:351:17-51
	android:name
		ADDED from src/main/AndroidManifest.xml:350:17-67
provider#com.android.dialer.database.VoicemailArchiveProvider
ADDED from src/main/AndroidManifest.xml:354:9-359:15
	android:authorities
		ADDED from src/main/AndroidManifest.xml:356:13-87
	android:multiprocess
		ADDED from src/main/AndroidManifest.xml:358:13-41
	android:exported
		ADDED from src/main/AndroidManifest.xml:357:13-37
	android:name
		ADDED from src/main/AndroidManifest.xml:355:13-62